<?xml version="1.0" encoding="UTF-8"?>
<!-- Generated by org.testng.reporters.JUnitXMLReporter -->
<testsuite hostname="DESKTOP-Q0AK0O5" ignored="2" name="grouptest" tests="3" failures="0" timestamp="2021-04-15T18:16:11 IST" time="106.129" errors="0">
  <testcase name="messenger" time="4.046" classname="framework_testng.Link_depend"/>
  <testcase name="sign_up_page" time="74.1" classname="framework_testng.Link_depend"/>
  <testcase name="Tc001" time="1.418" classname="framework_testng.My_TestNG"/>
  <testcase name="Tc002" time="0.0" classname="framework_testng.My_TestNG">
    <ignored/>
  </testcase> <!-- Tc002 -->
  <testcase name="log_in_page" time="0.0" classname="framework_testng.Link_depend">
    <ignored/>
  </testcase> <!-- log_in_page -->
</testsuite> <!-- grouptest -->
