<?xml version="1.0" encoding="UTF-8"?>
<!-- Generated by org.testng.reporters.JUnitXMLReporter -->
<testsuite hostname="DESKTOP-Q0AK0O5" ignored="0" name="TestA" tests="6" failures="0" timestamp="2021-04-09T16:18:25 IST" time="19.862" errors="0">
  <testcase name="messenger" time="2.891" classname="framework_testng.Link_depend"/>
  <testcase name="log_in_page" time="1.025" classname="framework_testng.Link_depend"/>
  <testcase name="sign_up_page" time="1.595" classname="framework_testng.Link_depend"/>
  <testcase name="tc001" time="0.002" classname="framework_testng.Venki_TestNG"/>
  <testcase name="tc002" time="0.0" classname="framework_testng.Venki_TestNG"/>
  <testcase name="tc003" time="0.0" classname="framework_testng.Venki_TestNG"/>
</testsuite> <!-- TestA -->
