<?xml version="1.0" encoding="UTF-8"?>
<testng-results skipped="0" failed="0" ignored="0" total="2" passed="2">
  <reporter-output>
  </reporter-output>
  <suite name="Default suite" duration-ms="42511" started-at="2021-04-16T19:11:51 IST" finished-at="2021-04-16T19:12:34 IST">
    <groups>
    </groups>
    <test name="Default test" duration-ms="42511" started-at="2021-04-16T19:11:51 IST" finished-at="2021-04-16T19:12:34 IST">
      <class name="reports.With_webdriver">
        <test-method status="PASS" signature="beforeClass()[pri:0, instance:reports.With_webdriver@3b088d51]" name="beforeClass" is-config="true" duration-ms="27444" started-at="2021-04-16T19:11:51 IST" finished-at="2021-04-16T19:12:19 IST">
          <reporter-output>
          </reporter-output>
        </test-method> <!-- beforeClass -->
        <test-method status="PASS" signature="beforeMethod(java.lang.reflect.Method)[pri:0, instance:reports.With_webdriver@3b088d51]" name="beforeMethod" is-config="true" duration-ms="4034" started-at="2021-04-16T19:12:19 IST" finished-at="2021-04-16T19:12:23 IST">
          <params>
            <param index="0">
              <value>
                <![CDATA[public void reports.With_webdriver.invalid_login()]]>
              </value>
            </param>
          </params>
          <reporter-output>
          </reporter-output>
        </test-method> <!-- beforeMethod -->
        <test-method status="PASS" signature="invalid_login()[pri:0, instance:reports.With_webdriver@3b088d51]" name="invalid_login" duration-ms="881" started-at="2021-04-16T19:12:23 IST" finished-at="2021-04-16T19:12:23 IST">
          <reporter-output>
          </reporter-output>
        </test-method> <!-- invalid_login -->
        <test-method status="PASS" signature="afterMethod()[pri:0, instance:reports.With_webdriver@3b088d51]" name="afterMethod" is-config="true" duration-ms="3" started-at="2021-04-16T19:12:23 IST" finished-at="2021-04-16T19:12:23 IST">
          <reporter-output>
          </reporter-output>
        </test-method> <!-- afterMethod -->
        <test-method status="PASS" signature="beforeMethod(java.lang.reflect.Method)[pri:0, instance:reports.With_webdriver@3b088d51]" name="beforeMethod" is-config="true" duration-ms="1025" started-at="2021-04-16T19:12:23 IST" finished-at="2021-04-16T19:12:24 IST">
          <params>
            <param index="0">
              <value>
                <![CDATA[public void reports.With_webdriver.valid_login()]]>
              </value>
            </param>
          </params>
          <reporter-output>
          </reporter-output>
        </test-method> <!-- beforeMethod -->
        <test-method status="PASS" signature="valid_login()[pri:0, instance:reports.With_webdriver@3b088d51]" name="valid_login" duration-ms="5390" started-at="2021-04-16T19:12:24 IST" finished-at="2021-04-16T19:12:30 IST">
          <reporter-output>
          </reporter-output>
        </test-method> <!-- valid_login -->
        <test-method status="PASS" signature="afterMethod()[pri:0, instance:reports.With_webdriver@3b088d51]" name="afterMethod" is-config="true" duration-ms="0" started-at="2021-04-16T19:12:30 IST" finished-at="2021-04-16T19:12:30 IST">
          <reporter-output>
          </reporter-output>
        </test-method> <!-- afterMethod -->
        <test-method status="PASS" signature="afterClass()[pri:0, instance:reports.With_webdriver@3b088d51]" name="afterClass" is-config="true" duration-ms="3654" started-at="2021-04-16T19:12:30 IST" finished-at="2021-04-16T19:12:34 IST">
          <reporter-output>
          </reporter-output>
        </test-method> <!-- afterClass -->
      </class> <!-- reports.With_webdriver -->
    </test> <!-- Default test -->
  </suite> <!-- Default suite -->
</testng-results>
